# JRE version: OpenJDK Runtime Environment (21.0.5+11) (build 21.0.5+11-Ubuntu-1ubuntu122.04)
# Java VM: OpenJDK 64-Bit Server VM (21.0.5+11-Ubuntu-1ubuntu122.04, mixed mode, emulated-client, sharing, tiered, compressed oops, compressed class ptrs, g1 gc, linux-amd64)
GC Precious Log:
 CardTable entry size: 512
 Card Set container configuration: InlinePtr #cards 5 size 8 Array Of Cards #cards 12 size 40 Howl #buckets 4 coarsen threshold 1843 Howl Bitmap #cards 512 size 80 coarsen threshold 460 Card regions per heap region 1 cards per card region 2048
 CPUs: 16 total, 16 available
 Memory: 7788M
 Large Page Support: Disabled
 NUMA Support: Disabled
 Compressed Oops: Enabled (32-bit)
 Heap Region Size: 1M
 Heap Min Capacity: 8M
 Heap Initial Capacity: 122M
 Heap Max Capacity: 1948M
 Pre-touch: Disabled
 Parallel Workers: 13
 Concurrent Workers: 3
 Concurrent Refinement Workers: 13
 Periodic GC: Disabled
Heap:
 garbage-first heap   total 53248K, used 28358K [0x0000000086400000, 0x0000000100000000)
  region size 1024K, 16 young (16384K), 3 survivors (3072K)
 Metaspace       used 28173K, committed 28736K, reserved 1114112K
  class space    used 3802K, committed 4032K, reserved 1048576K
GC Heap History (12 events):
Event: 1.130 GC heap before
{Heap before GC invocations=0 (full 0):
 garbage-first heap   total 126976K, used 23601K [0x0000000086400000, 0x0000000100000000)
  region size 1024K, 23 young (23552K), 0 survivors (0K)
 Metaspace       used 6321K, committed 6656K, reserved 1114112K
  class space    used 850K, committed 1024K, reserved 1048576K
}
Event: 1.140 GC heap after
{Heap after GC invocations=1 (full 0):
 garbage-first heap   total 126976K, used 5637K [0x0000000086400000, 0x0000000100000000)
  region size 1024K, 3 young (3072K), 3 survivors (3072K)
 Metaspace       used 6321K, committed 6656K, reserved 1114112K
  class space    used 850K, committed 1024K, reserved 1048576K
}
Event: 1.711 GC heap before
{Heap before GC invocations=1 (full 0):
 garbage-first heap   total 126976K, used 34309K [0x0000000086400000, 0x0000000100000000)
  region size 1024K, 33 young (33792K), 3 survivors (3072K)
 Metaspace       used 13465K, committed 13760K, reserved 1114112K
  class space    used 1773K, committed 1920K, reserved 1048576K
}
Event: 1.721 GC heap after
{Heap after GC invocations=2 (full 0):
 garbage-first heap   total 126976K, used 7855K [0x0000000086400000, 0x0000000100000000)
  region size 1024K, 3 young (3072K), 3 survivors (3072K)
 Metaspace       used 13465K, committed 13760K, reserved 1114112K
  class space    used 1773K, committed 1920K, reserved 1048576K
}
Event: 2.407 GC heap before
{Heap before GC invocations=3 (full 0):
 garbage-first heap   total 34816K, used 32431K [0x0000000086400000, 0x0000000100000000)
  region size 1024K, 27 young (27648K), 3 survivors (3072K)
 Metaspace       used 16272K, committed 16576K, reserved 1114112K
  class space    used 2170K, committed 2304K, reserved 1048576K
}
Event: 2.419 GC heap after
{Heap after GC invocations=4 (full 0):
 garbage-first heap   total 39936K, used 10802K [0x0000000086400000, 0x0000000100000000)
  region size 1024K, 5 young (5120K), 5 survivors (5120K)
 Metaspace       used 16272K, committed 16576K, reserved 1114112K
  class space    used 2170K, committed 2304K, reserved 1048576K
}
Event: 3.063 GC heap before
{Heap before GC invocations=4 (full 0):
 garbage-first heap   total 39936K, used 29234K [0x0000000086400000, 0x0000000100000000)
  region size 1024K, 23 young (23552K), 5 survivors (5120K)
 Metaspace       used 19036K, committed 19392K, reserved 1114112K
  class space    used 2544K, committed 2688K, reserved 1048576K
}
Event: 3.080 GC heap after
{Heap after GC invocations=5 (full 0):
 garbage-first heap   total 39936K, used 12306K [0x0000000086400000, 0x0000000100000000)
  region size 1024K, 2 young (2048K), 2 survivors (2048K)
 Metaspace       used 19036K, committed 19392K, reserved 1114112K
  class space    used 2544K, committed 2688K, reserved 1048576K
}
Event: 3.631 GC heap before
{Heap before GC invocations=5 (full 0):
 garbage-first heap   total 39936K, used 27666K [0x0000000086400000, 0x0000000100000000)
  region size 1024K, 18 young (18432K), 2 survivors (2048K)
 Metaspace       used 22721K, committed 23168K, reserved 1114112K
  class space    used 3041K, committed 3264K, reserved 1048576K
}
Event: 3.641 GC heap after
{Heap after GC invocations=6 (full 0):
 garbage-first heap   total 39936K, used 13848K [0x0000000086400000, 0x0000000100000000)
  region size 1024K, 3 young (3072K), 3 survivors (3072K)
 Metaspace       used 22721K, committed 23168K, reserved 1114112K
  class space    used 3041K, committed 3264K, reserved 1048576K
}
Event: 4.470 GC heap before
{Heap before GC invocations=7 (full 0):
 garbage-first heap   total 39936K, used 31256K [0x0000000086400000, 0x0000000100000000)
  region size 1024K, 21 young (21504K), 3 survivors (3072K)
 Metaspace       used 25570K, committed 26048K, reserved 1114112K
  class space    used 3439K, committed 3648K, reserved 1048576K
}
Event: 4.478 GC heap after
{Heap after GC invocations=8 (full 0):
 garbage-first heap   total 53248K, used 16070K [0x0000000086400000, 0x0000000100000000)
  region size 1024K, 3 young (3072K), 3 survivors (3072K)
 Metaspace       used 25570K, committed 26048K, reserved 1114112K
  class space    used 3439K, committed 3648K, reserved 1048576K
}

