# JRE version: OpenJDK Runtime Environment (21.0.5+11) (build 21.0.5+11-Ubuntu-1ubuntu122.04)
# Java VM: OpenJDK 64-Bit Server VM (21.0.5+11-Ubuntu-1ubuntu122.04, mixed mode, emulated-client, sharing, tiered, compressed oops, compressed class ptrs, g1 gc, linux-amd64)
GC Precious Log:
 CardTable entry size: 512
 Card Set container configuration: InlinePtr #cards 5 size 8 Array Of Cards #cards 12 size 40 Howl #buckets 4 coarsen threshold 1843 Howl Bitmap #cards 512 size 80 coarsen threshold 460 Card regions per heap region 1 cards per card region 2048
 CPUs: 16 total, 16 available
 Memory: 7788M
 Large Page Support: Disabled
 NUMA Support: Disabled
 Compressed Oops: Enabled (32-bit)
 Heap Region Size: 1M
 Heap Min Capacity: 8M
 Heap Initial Capacity: 122M
 Heap Max Capacity: 1948M
 Pre-touch: Disabled
 Parallel Workers: 13
 Concurrent Workers: 3
 Concurrent Refinement Workers: 13
 Periodic GC: Disabled
Heap:
 garbage-first heap   total 56320K, used 29159K [0x0000000086400000, 0x0000000100000000)
  region size 1024K, 15 young (15360K), 1 survivors (1024K)
 Metaspace       used 28144K, committed 28672K, reserved 1114112K
  class space    used 3799K, committed 4032K, reserved 1048576K
GC Heap History (14 events):
Event: 1.277 GC heap before
{Heap before GC invocations=0 (full 0):
 garbage-first heap   total 126976K, used 23601K [0x0000000086400000, 0x0000000100000000)
  region size 1024K, 23 young (23552K), 0 survivors (0K)
 Metaspace       used 6321K, committed 6656K, reserved 1114112K
  class space    used 850K, committed 1024K, reserved 1048576K
}
Event: 1.290 GC heap after
{Heap after GC invocations=1 (full 0):
 garbage-first heap   total 126976K, used 5689K [0x0000000086400000, 0x0000000100000000)
  region size 1024K, 3 young (3072K), 3 survivors (3072K)
 Metaspace       used 6321K, committed 6656K, reserved 1114112K
  class space    used 850K, committed 1024K, reserved 1048576K
}
Event: 1.874 GC heap before
{Heap before GC invocations=1 (full 0):
 garbage-first heap   total 126976K, used 37433K [0x0000000086400000, 0x0000000100000000)
  region size 1024K, 35 young (35840K), 3 survivors (3072K)
 Metaspace       used 14417K, committed 14720K, reserved 1114112K
  class space    used 1894K, committed 2048K, reserved 1048576K
}
Event: 1.887 GC heap after
{Heap after GC invocations=2 (full 0):
 garbage-first heap   total 126976K, used 8569K [0x0000000086400000, 0x0000000100000000)
  region size 1024K, 3 young (3072K), 3 survivors (3072K)
 Metaspace       used 14417K, committed 14720K, reserved 1114112K
  class space    used 1894K, committed 2048K, reserved 1048576K
}
Event: 2.063 GC heap before
{Heap before GC invocations=2 (full 0):
 garbage-first heap   total 126976K, used 13689K [0x0000000086400000, 0x0000000100000000)
  region size 1024K, 9 young (9216K), 3 survivors (3072K)
 Metaspace       used 15098K, committed 15424K, reserved 1114112K
  class space    used 1989K, committed 2112K, reserved 1048576K
}
Event: 2.069 GC heap after
{Heap after GC invocations=3 (full 0):
 garbage-first heap   total 126976K, used 9587K [0x0000000086400000, 0x0000000100000000)
  region size 1024K, 4 young (4096K), 4 survivors (4096K)
 Metaspace       used 15098K, committed 15424K, reserved 1114112K
  class space    used 1989K, committed 2112K, reserved 1048576K
}
Event: 2.949 GC heap before
{Heap before GC invocations=4 (full 0):
 garbage-first heap   total 37888K, used 36211K [0x0000000086400000, 0x0000000100000000)
  region size 1024K, 30 young (30720K), 4 survivors (4096K)
 Metaspace       used 17597K, committed 17856K, reserved 1114112K
  class space    used 2353K, committed 2432K, reserved 1048576K
}
Event: 2.963 GC heap after
{Heap after GC invocations=5 (full 0):
 garbage-first heap   total 44032K, used 11528K [0x0000000086400000, 0x0000000100000000)
  region size 1024K, 6 young (6144K), 6 survivors (6144K)
 Metaspace       used 17597K, committed 17856K, reserved 1114112K
  class space    used 2353K, committed 2432K, reserved 1048576K
}
Event: 3.508 GC heap before
{Heap before GC invocations=5 (full 0):
 garbage-first heap   total 44032K, used 30984K [0x0000000086400000, 0x0000000100000000)
  region size 1024K, 25 young (25600K), 6 survivors (6144K)
 Metaspace       used 21178K, committed 21568K, reserved 1114112K
  class space    used 2891K, committed 3072K, reserved 1048576K
}
Event: 3.527 GC heap after
{Heap after GC invocations=6 (full 0):
 garbage-first heap   total 44032K, used 13318K [0x0000000086400000, 0x0000000100000000)
  region size 1024K, 4 young (4096K), 4 survivors (4096K)
 Metaspace       used 21178K, committed 21568K, reserved 1114112K
  class space    used 2891K, committed 3072K, reserved 1048576K
}
Event: 4.248 GC heap before
{Heap before GC invocations=6 (full 0):
 garbage-first heap   total 44032K, used 32774K [0x0000000086400000, 0x0000000100000000)
  region size 1024K, 24 young (24576K), 4 survivors (4096K)
 Metaspace       used 24946K, committed 25472K, reserved 1114112K
  class space    used 3359K, committed 3584K, reserved 1048576K
}
Event: 4.258 GC heap after
{Heap after GC invocations=7 (full 0):
 garbage-first heap   total 56320K, used 15441K [0x0000000086400000, 0x0000000100000000)
  region size 1024K, 3 young (3072K), 3 survivors (3072K)
 Metaspace       used 24946K, committed 25472K, reserved 1114112K
  class space    used 3359K, committed 3584K, reserved 1048576K
}
Event: 4.301 GC heap before
{Heap before GC invocations=7 (full 0):
 garbage-first heap   total 56320K, used 16465K [0x0000000086400000, 0x0000000100000000)
  region size 1024K, 5 young (5120K), 3 survivors (3072K)
 Metaspace       used 25238K, committed 25728K, reserved 1114112K
  class space    used 3402K, committed 3648K, reserved 1048576K
}
Event: 4.307 GC heap after
{Heap after GC invocations=8 (full 0):
 garbage-first heap   total 56320K, used 15847K [0x0000000086400000, 0x0000000100000000)
  region size 1024K, 1 young (1024K), 1 survivors (1024K)
 Metaspace       used 25238K, committed 25728K, reserved 1114112K
  class space    used 3402K, committed 3648K, reserved 1048576K
}

